
Circuit 1 cell sky130_fd_pr__nfet_01v8 and Circuit 2 cell sky130_fd_pr__nfet_01v8 are black boxes.
Equate elements:  no current cell.
Device classes sky130_fd_pr__nfet_01v8 and sky130_fd_pr__nfet_01v8 are equivalent.

Circuit 1 cell sky130_fd_pr__pfet_01v8 and Circuit 2 cell sky130_fd_pr__pfet_01v8 are black boxes.
Equate elements:  no current cell.
Device classes sky130_fd_pr__pfet_01v8 and sky130_fd_pr__pfet_01v8 are equivalent.
Flattening unmatched subcell flipflop_layout in circuit shift_register_lvs_noinverter.spice (0)(4 instances)
Flattening unmatched subcell flipflop in circuit shiftregister.spice (1)(4 instances)

Subcircuit summary:
Circuit 1: shift_register_lvs_noinverter.s |Circuit 2: shiftregister.spice             
-------------------------------------------|-------------------------------------------
sky130_fd_pr__nfet_01v8 (28)               |sky130_fd_pr__nfet_01v8 (28)               
sky130_fd_pr__pfet_01v8 (28)               |sky130_fd_pr__pfet_01v8 (28)               
Number of devices: 56                      |Number of devices: 56                      
Number of nets: 29                         |Number of nets: 29                         
---------------------------------------------------------------------------------------
Resolving symmetries by property value.
Resolving symmetries by pin name.
Netlists match with 33 symmetries.
Cells have no pins;  pin matching not needed.
Device classes shift_register_lvs_noinverter.spice and shiftregister.spice are equivalent.

Final result: Circuits match uniquely.
.
