
Circuit 1 cell sky130_fd_pr__nfet_01v8 and Circuit 2 cell sky130_fd_pr__nfet_01v8 are black boxes.
Equate elements:  no current cell.
Device classes sky130_fd_pr__nfet_01v8 and sky130_fd_pr__nfet_01v8 are equivalent.

Circuit 1 cell sky130_fd_pr__pfet_01v8 and Circuit 2 cell sky130_fd_pr__pfet_01v8 are black boxes.
Equate elements:  no current cell.
Device classes sky130_fd_pr__pfet_01v8 and sky130_fd_pr__pfet_01v8 are equivalent.

Subcircuit summary:
Circuit 1: flipflop_patent.spice           |Circuit 2: flipflop.spice                  
-------------------------------------------|-------------------------------------------
sky130_fd_pr__nfet_01v8 (7)                |sky130_fd_pr__nfet_01v8 (7)                
sky130_fd_pr__pfet_01v8 (7)                |sky130_fd_pr__pfet_01v8 (7)                
Number of devices: 14                      |Number of devices: 14                      
Number of nets: 11                         |Number of nets: 11                         
---------------------------------------------------------------------------------------
Resolving symmetries by property value.
Resolving symmetries by pin name.
Netlists match uniquely with property errors.
sky130_fd_pr__pfet_01v8:M6 vs. sky130_fd_pr__pfet_01v8:0:
 W circuit1: 1   circuit2: 4   (delta=120%, cutoff=1%)
sky130_fd_pr__pfet_01v8:M5 vs. sky130_fd_pr__pfet_01v8:2:
 W circuit1: 1   circuit2: 4   (delta=120%, cutoff=1%)
sky130_fd_pr__pfet_01v8:M7 vs. sky130_fd_pr__pfet_01v8:9:
 W circuit1: 1   circuit2: 4   (delta=120%, cutoff=1%)
sky130_fd_pr__nfet_01v8:M12 vs. sky130_fd_pr__nfet_01v8:5:
 W circuit1: 1   circuit2: 4   (delta=120%, cutoff=1%)
sky130_fd_pr__nfet_01v8:M9 vs. sky130_fd_pr__nfet_01v8:10:
 W circuit1: 1   circuit2: 4   (delta=120%, cutoff=1%)
sky130_fd_pr__nfet_01v8:M8 vs. sky130_fd_pr__nfet_01v8:13:
 W circuit1: 1   circuit2: 4   (delta=120%, cutoff=1%)
Cells have no pins;  pin matching not needed.
Device classes flipflop_patent.spice and flipflop.spice are equivalent.

Final result: Circuits match uniquely.
Property errors were found.

The following cells had property errors:
 flipflop_patent.spice
