
Circuit 1 cell sky130_fd_pr__nfet_01v8 and Circuit 2 cell sky130_fd_pr__nfet_01v8 are black boxes.
Equate elements:  no current cell.
Device classes sky130_fd_pr__nfet_01v8 and sky130_fd_pr__nfet_01v8 are equivalent.

Circuit 1 cell sky130_fd_pr__pfet_01v8 and Circuit 2 cell sky130_fd_pr__pfet_01v8 are black boxes.
Equate elements:  no current cell.
Device classes sky130_fd_pr__pfet_01v8 and sky130_fd_pr__pfet_01v8 are equivalent.

Class opamp_xschem_lvs.spice (0):  Merged 45 parallel devices.
Class opamp.spice (1):  Merged 41 parallel devices.
Subcircuit summary:
Circuit 1: opamp_xschem_lvs.spice          |Circuit 2: opamp.spice                     
-------------------------------------------|-------------------------------------------
sky130_fd_pr__nfet_01v8 (40->10)           |sky130_fd_pr__nfet_01v8 (40->12) **Mismatc 
sky130_fd_pr__pfet_01v8 (20->5)            |sky130_fd_pr__pfet_01v8 (20->7) **Mismatch 
Number of devices: 15 **Mismatch**         |Number of devices: 19 **Mismatch**         
Number of nets: 15 **Mismatch**            |Number of nets: 19 **Mismatch**            
---------------------------------------------------------------------------------------
NET mismatches: Class fragments follow (with fanout counts):
Circuit 1: opamp_xschem_lvs.spice          |Circuit 2: opamp.spice                     

---------------------------------------------------------------------------------------
Net: Vcp                                   |Net: Vcp                                   
  sky130_fd_pr__pfet_01v8/2 = 2            |  sky130_fd_pr__pfet_01v8/2 = 2            
                                           |                                           
Net: Vcn                                   |Net: Vcn                                   
  sky130_fd_pr__nfet_01v8/2 = 2            |  sky130_fd_pr__nfet_01v8/2 = 2            
                                           |                                           
Net: Vbp                                   |Net: Vbp                                   
  sky130_fd_pr__pfet_01v8/2 = 2            |  sky130_fd_pr__pfet_01v8/2 = 2            
                                           |                                           
Net: GND                                   |Net: a_100_790#                            
  sky130_fd_pr__nfet_01v8/4 = 10           |  sky130_fd_pr__pfet_01v8/(1|3) = 5        
  sky130_fd_pr__nfet_01v8/(1|3) = 6        |  sky130_fd_pr__nfet_01v8/(1|3) = 2        
  sky130_fd_pr__nfet_01v8/2 = 3            |                                           
                                           |                                           
Net: net5                                  |Net: VP                                    
  sky130_fd_pr__nfet_01v8/(1|3) = 3        |  sky130_fd_pr__pfet_01v8/4 = 7            
                                           |  sky130_fd_pr__pfet_01v8/(1|3) = 3        
                                           |  sky130_fd_pr__pfet_01v8/2 = 1            
                                           |                                           
Net: VDD                                   |Net: VN                                    
  sky130_fd_pr__pfet_01v8/4 = 5            |  sky130_fd_pr__nfet_01v8/4 = 12           
  sky130_fd_pr__pfet_01v8/(1|3) = 3        |  sky130_fd_pr__nfet_01v8/(1|3) = 6        
  sky130_fd_pr__pfet_01v8/2 = 1            |  sky130_fd_pr__nfet_01v8/2 = 3            
---------------------------------------------------------------------------------------

---------------------------------------------------------------------------------------
Net: net1                                  |Net: a_100_80#                             
  sky130_fd_pr__nfet_01v8/(1|3) = 2        |  sky130_fd_pr__nfet_01v8/(1|3) = 5        
  sky130_fd_pr__pfet_01v8/(1|3) = 3        |                                           
---------------------------------------------------------------------------------------

---------------------------------------------------------------------------------------
Net: Vb                                    |Net: Vb                                    
  sky130_fd_pr__nfet_01v8/2 = 1            |  sky130_fd_pr__nfet_01v8/2 = 1            
                                           |                                           
Net: V1                                    |Net: V1                                    
  sky130_fd_pr__nfet_01v8/2 = 1            |  sky130_fd_pr__nfet_01v8/2 = 1            
---------------------------------------------------------------------------------------

---------------------------------------------------------------------------------------
Net: net3                                  |Net: a_420_3560#                           
  sky130_fd_pr__nfet_01v8/(1|3) = 1        |  sky130_fd_pr__nfet_01v8/(1|3) = 4        
  sky130_fd_pr__nfet_01v8/2 = 2            |                                           
  sky130_fd_pr__pfet_01v8/(1|3) = 1        |                                           
                                           |                                           
Net: net6                                  |Net: a_300_80#                             
  sky130_fd_pr__nfet_01v8/(1|3) = 4        |  sky130_fd_pr__pfet_01v8/(1|3) = 1        
                                           |  sky130_fd_pr__nfet_01v8/(1|3) = 1        
                                           |  sky130_fd_pr__nfet_01v8/2 = 2            
---------------------------------------------------------------------------------------
DEVICE mismatches: Class fragments follow (with node fanout counts):
Circuit 1: opamp_xschem_lvs.spice          |Circuit 2: opamp.spice                     

---------------------------------------------------------------------------------------
Instance: sky130_fd_pr__nfet_01v8:M1a      |Instance: sky130_fd_pr__nfet_01v8:4        
  (1,3) = (5,4)                            |  (1,3) = (7,4)                            
  2 = 1                                    |  2 = 1                                    
  4 = 19                                   |  4 = 21                                   
                                           |                                           
Instance: sky130_fd_pr__nfet_01v8:Mba      |Instance: sky130_fd_pr__nfet_01v8:14       
  (1,3) = (19,4)                           |  (1,3) = (21,4)                           
  2 = 1                                    |  2 = 1                                    
  4 = 19                                   |  4 = 21                                   
                                           |                                           
Instance: sky130_fd_pr__nfet_01v8:M7a      |Instance: sky130_fd_pr__nfet_01v8:40       
  (1,3) = (4,3)                            |  (1,3) = (21,4)                           
  2 = 2                                    |  2 = 21                                   
  4 = 19                                   |  4 = 21                                   
                                           |                                           
Instance: sky130_fd_pr__nfet_01v8:Mdbb     |Instance: sky130_fd_pr__nfet_01v8:3        
  (1,3) = (19,4)                           |  (1,3) = (5,4)                            
  2 = 19                                   |  2 = 2                                    
  4 = 19                                   |  4 = 21                                   
                                           |                                           
Instance: sky130_fd_pr__nfet_01v8:M9a      |Instance: sky130_fd_pr__nfet_01v8:25       
  (1,3) = (19,3)                           |  (1,3) = (21,5)                           
  2 = 4                                    |  2 = 4                                    
  4 = 19                                   |  4 = 21                                   
                                           |                                           
Instance: sky130_fd_pr__pfet_01v8:M5a      |Instance: sky130_fd_pr__pfet_01v8:0        
  (1,3) = (5,4)                            |  (1,3) = (7,4)                            
  2 = 2                                    |  2 = 2                                    
  4 = 9                                    |  4 = 11                                   
---------------------------------------------------------------------------------------
Netlists do not match.
Cells have no pins;  pin matching not needed.
Device classes opamp_xschem_lvs.spice and opamp.spice are equivalent.

Final result: Netlists do not match.
